Using pre-set license
Built from '2020.3/release' branch; Version is '2020.3.7f1 (dd97f2c94397) revision 14522354'; Using compiler version '192528614'; Build Type 'Release'
OS: 'Windows 10 Enterprise LTSC 2019; OS build 17763.2114; Version 1809; 64bit' Language: 'ru' Physical Memory: 8130 MB
BatchMode: 1, IsHumanControllingUs: 0, StartBugReporterOnCrash: 0, Is64bit: 1, IsPro: 0

 COMMAND LINE ARGUMENTS:
C:\Program Files\Unity\Hub\Editor\2020.3.7f1\Editor\Unity.exe
-adb2
-batchMode
-noUpm
-name
AssetImportWorker0
-projectPath
C:/Users/1/Documents/GitHub/Pacman_proj
-logFile
Logs/AssetImportWorker0.log
-srvPort
52600
Successfully changed project path to: C:/Users/1/Documents/GitHub/Pacman_proj
C:/Users/1/Documents/GitHub/Pacman_proj
Using Asset Import Pipeline V2.
Refreshing native plugins compatible for Editor in 49.24 ms, found 0 plugins.
Preloading 0 native plugins for Editor in 0.00 ms.
Initialize engine version: 2020.3.7f1 (dd97f2c94397)
[Subsystems] Discovering subsystems at path C:/Program Files/Unity/Hub/Editor/2020.3.7f1/Editor/Data/Resources/UnitySubsystems
[Subsystems] Discovering subsystems at path C:/Users/1/Documents/GitHub/Pacman_proj/Assets
GfxDevice: creating device client; threaded=0
Direct3D:
    Version:  Direct3D 11.0 [level 11.1]
    Renderer: AMD Radeon R7 200 Series (ID=0x6658)
    Vendor:   
    VRAM:     1000 MB
    Driver:   27.20.15003.1004
Initialize mono
Mono path[0] = 'C:/Program Files/Unity/Hub/Editor/2020.3.7f1/Editor/Data/Managed'
Mono path[1] = 'C:/Program Files/Unity/Hub/Editor/2020.3.7f1/Editor/Data/MonoBleedingEdge/lib/mono/unityjit'
Mono config path = 'C:/Program Files/Unity/Hub/Editor/2020.3.7f1/Editor/Data/MonoBleedingEdge/etc'
Using monoOptions --debugger-agent=transport=dt_socket,embedding=1,server=y,suspend=n,address=127.0.0.1:56916
Begin MonoManager ReloadAssembly
Registering precompiled unity dll's ...
Register platform support module: C:/Program Files/Unity/Hub/Editor/2020.3.7f1/Editor/Data/PlaybackEngines/WindowsStandaloneSupport/UnityEditor.WindowsStandalone.Extensions.dll
Registered in 0.002350 seconds.
Native extension for WindowsStandalone target not found
Refreshing native plugins compatible for Editor in 41.23 ms, found 0 plugins.
Preloading 0 native plugins for Editor in 0.00 ms.
Mono: successfully reloaded assembly
- Completed reload, in  2.359 seconds
Platform modules already initialized, skipping
Registering precompiled user dll's ...
Registered in 0.001280 seconds.
Begin MonoManager ReloadAssembly
Native extension for WindowsStandalone target not found
Refreshing native plugins compatible for Editor in 0.56 ms, found 0 plugins.
Preloading 0 native plugins for Editor in 0.00 ms.
Mono: successfully reloaded assembly
- Completed reload, in  2.177 seconds
Platform modules already initialized, skipping
========================================================================
Worker process is ready to serve import requests
Launched and connected shader compiler UnityShaderCompiler.exe after 0.15 seconds
Refreshing native plugins compatible for Editor in 0.72 ms, found 0 plugins.
Preloading 0 native plugins for Editor in 0.00 ms.
Unloading 1144 Unused Serialized files (Serialized files now loaded: 0)
System memory in use before: 57.8 MB.
System memory in use after: 57.8 MB.

Unloading 9 unused Assets to reduce memory usage. Loaded Objects now: 1587.
Total: 3.999300 ms (FindLiveObjects: 0.350500 ms CreateObjectMapping: 0.163900 ms MarkObjects: 3.381600 ms  DeleteObjects: 0.100900 ms)

========================================================================
Received Import Request.
  path: Assets/Code/ScorePills/PillModel.cs
  artifactKey: Guid(11d6ea0b758636c41867df74e4a759ac) Importer(815301076,1909f56bfc062723c751e8b465ee728b)
Start importing Assets/Code/ScorePills/PillModel.cs using Guid(11d6ea0b758636c41867df74e4a759ac) Importer(815301076,1909f56bfc062723c751e8b465ee728b)  -> (artifact id: '1ae25a596a9edc14e7e8f890a4859755') in 0.147876 seconds
  Import took 0.173820 seconds .

========================================================================
Received Import Request.
  Time since last request: 0.000617 seconds.
  path: Assets/Code/ScorePills
  artifactKey: Guid(4bbbb3f3587bea4498a56565c0a60a52) Importer(815301076,1909f56bfc062723c751e8b465ee728b)
Start importing Assets/Code/ScorePills using Guid(4bbbb3f3587bea4498a56565c0a60a52) Importer(815301076,1909f56bfc062723c751e8b465ee728b)  -> (artifact id: '5f45f9e77afbdfe2432d70a79cc825eb') in 0.003019 seconds
  Import took 0.042918 seconds .

========================================================================
Received Prepare
Refreshing native plugins compatible for Editor in 2.43 ms, found 0 plugins.
Preloading 0 native plugins for Editor in 0.00 ms.
Unloading 2 Unused Serialized files (Serialized files now loaded: 0)
System memory in use before: 34.9 MB.
System memory in use after: 35.0 MB.

Unloading 2 unused Assets to reduce memory usage. Loaded Objects now: 1587.
Total: 5.275500 ms (FindLiveObjects: 0.419600 ms CreateObjectMapping: 0.121100 ms MarkObjects: 4.705900 ms  DeleteObjects: 0.026000 ms)

========================================================================
Received Import Request.
  Time since last request: 20.213648 seconds.
  path: Assets/Code/ScorePills/PillController.cs
  artifactKey: Guid(c6e5420c3ec3ca84ea3b64a64caf9a12) Importer(815301076,1909f56bfc062723c751e8b465ee728b)
Start importing Assets/Code/ScorePills/PillController.cs using Guid(c6e5420c3ec3ca84ea3b64a64caf9a12) Importer(815301076,1909f56bfc062723c751e8b465ee728b)  -> (artifact id: '728750a8452a3a95777bc5e7a2863dc0') in 0.007435 seconds
  Import took 0.034594 seconds .

========================================================================
Received Prepare
Registering precompiled user dll's ...
Registered in 0.000627 seconds.
Begin MonoManager ReloadAssembly
Native extension for WindowsStandalone target not found
Refreshing native plugins compatible for Editor in 0.22 ms, found 0 plugins.
Preloading 0 native plugins for Editor in 0.00 ms.
Mono: successfully reloaded assembly
- Completed reload, in  0.934 seconds
Platform modules already initialized, skipping
Refreshing native plugins compatible for Editor in 0.21 ms, found 0 plugins.
Preloading 0 native plugins for Editor in 0.00 ms.
Unloading 1138 Unused Serialized files (Serialized files now loaded: 0)
System memory in use before: 57.6 MB.
System memory in use after: 57.7 MB.

Unloading 4 unused Assets to reduce memory usage. Loaded Objects now: 1590.
Total: 1.735800 ms (FindLiveObjects: 0.235700 ms CreateObjectMapping: 0.050800 ms MarkObjects: 1.427100 ms  DeleteObjects: 0.020300 ms)

========================================================================
Received Import Request.
  Time since last request: 450.968999 seconds.
  path: Assets/Code/Bonuses/Bonuses.cs
  artifactKey: Guid(4aa3c1a8d79fefe46a7b871a6ddd6d16) Importer(815301076,1909f56bfc062723c751e8b465ee728b)
Start importing Assets/Code/Bonuses/Bonuses.cs using Guid(4aa3c1a8d79fefe46a7b871a6ddd6d16) Importer(815301076,1909f56bfc062723c751e8b465ee728b)  -> (artifact id: '6b0d6219f6475848daa83d66cec535a8') in 0.006011 seconds
  Import took 0.032662 seconds .

========================================================================
Received Import Request.
  Time since last request: 0.024945 seconds.
  path: Assets/Code/Bonuses/Bonuses.cs
  artifactKey: Guid(4aa3c1a8d79fefe46a7b871a6ddd6d16) Importer(815301076,1909f56bfc062723c751e8b465ee728b)
Start importing Assets/Code/Bonuses/Bonuses.cs using Guid(4aa3c1a8d79fefe46a7b871a6ddd6d16) Importer(815301076,1909f56bfc062723c751e8b465ee728b)  -> (artifact id: '6b0d6219f6475848daa83d66cec535a8') in 0.002803 seconds
  Import took 0.005451 seconds .

========================================================================
Received Prepare
Registering precompiled user dll's ...
Registered in 0.000609 seconds.
Begin MonoManager ReloadAssembly
Native extension for WindowsStandalone target not found
Refreshing native plugins compatible for Editor in 0.28 ms, found 0 plugins.
Preloading 0 native plugins for Editor in 0.00 ms.
Mono: successfully reloaded assembly
- Completed reload, in  0.903 seconds
Platform modules already initialized, skipping
Refreshing native plugins compatible for Editor in 0.20 ms, found 0 plugins.
Preloading 0 native plugins for Editor in 0.00 ms.
Unloading 1138 Unused Serialized files (Serialized files now loaded: 0)
System memory in use before: 57.6 MB.
System memory in use after: 57.7 MB.

Unloading 4 unused Assets to reduce memory usage. Loaded Objects now: 1593.
Total: 1.995500 ms (FindLiveObjects: 0.158500 ms CreateObjectMapping: 0.046100 ms MarkObjects: 1.772500 ms  DeleteObjects: 0.016500 ms)

========================================================================
Received Import Request.
  Time since last request: 151.742190 seconds.
  path: Assets/Code/ScorePills/PillView.cs
  artifactKey: Guid(7f93cb0eeed59634789b40972e7f5cba) Importer(815301076,1909f56bfc062723c751e8b465ee728b)
Start importing Assets/Code/ScorePills/PillView.cs using Guid(7f93cb0eeed59634789b40972e7f5cba) Importer(815301076,1909f56bfc062723c751e8b465ee728b)  -> (artifact id: '6c9843a4ede3b53cb04cd956b897f6cb') in 0.006400 seconds
  Import took 0.015105 seconds .

========================================================================
Received Import Request.
  Time since last request: 0.003284 seconds.
  path: Assets/Code/ScorePills/PillView.cs
  artifactKey: Guid(7f93cb0eeed59634789b40972e7f5cba) Importer(815301076,1909f56bfc062723c751e8b465ee728b)
Start importing Assets/Code/ScorePills/PillView.cs using Guid(7f93cb0eeed59634789b40972e7f5cba) Importer(815301076,1909f56bfc062723c751e8b465ee728b)  -> (artifact id: '6c9843a4ede3b53cb04cd956b897f6cb') in 0.004024 seconds
  Import took 0.007457 seconds .

========================================================================
Received Prepare
Registering precompiled user dll's ...
Registered in 0.000620 seconds.
Begin MonoManager ReloadAssembly
Native extension for WindowsStandalone target not found
Refreshing native plugins compatible for Editor in 0.21 ms, found 0 plugins.
Preloading 0 native plugins for Editor in 0.00 ms.
Mono: successfully reloaded assembly
- Completed reload, in  0.956 seconds
Platform modules already initialized, skipping
Refreshing native plugins compatible for Editor in 0.20 ms, found 0 plugins.
Preloading 0 native plugins for Editor in 0.00 ms.
Unloading 1138 Unused Serialized files (Serialized files now loaded: 0)
System memory in use before: 57.6 MB.
System memory in use after: 57.7 MB.

Unloading 4 unused Assets to reduce memory usage. Loaded Objects now: 1596.
Total: 1.998800 ms (FindLiveObjects: 0.270600 ms CreateObjectMapping: 0.075700 ms MarkObjects: 1.634900 ms  DeleteObjects: 0.015700 ms)

========================================================================
Received Import Request.
  Time since last request: 1351.666789 seconds.
  path: Assets/Code/ScorePills/PillView.cs
  artifactKey: Guid(7f93cb0eeed59634789b40972e7f5cba) Importer(815301076,1909f56bfc062723c751e8b465ee728b)
Start importing Assets/Code/ScorePills/PillView.cs using Guid(7f93cb0eeed59634789b40972e7f5cba) Importer(815301076,1909f56bfc062723c751e8b465ee728b)  -> (artifact id: '74eeeaa3012c999139152aee85e9a007') in 0.004107 seconds
  Import took 0.015886 seconds .

========================================================================
Received Import Request.
  Time since last request: 8.192222 seconds.
  path: Assets/Code/Interfaces/CollectableInterfaces/ICollectableView.cs
  artifactKey: Guid(7636dcf9e7a3db9479c911feabba243f) Importer(815301076,1909f56bfc062723c751e8b465ee728b)
Start importing Assets/Code/Interfaces/CollectableInterfaces/ICollectableView.cs using Guid(7636dcf9e7a3db9479c911feabba243f) Importer(815301076,1909f56bfc062723c751e8b465ee728b)  -> (artifact id: 'ac0e9583d4b44570fafcc6ddb3b480a2') in 0.003611 seconds
  Import took 0.006239 seconds .

========================================================================
Received Import Request.
  Time since last request: 0.000950 seconds.
  path: Assets/Code/Interfaces/CollectableInterfaces/ICollectableView.cs
  artifactKey: Guid(7636dcf9e7a3db9479c911feabba243f) Importer(815301076,1909f56bfc062723c751e8b465ee728b)
Start importing Assets/Code/Interfaces/CollectableInterfaces/ICollectableView.cs using Guid(7636dcf9e7a3db9479c911feabba243f) Importer(815301076,1909f56bfc062723c751e8b465ee728b)  -> (artifact id: 'ac0e9583d4b44570fafcc6ddb3b480a2') in 0.002637 seconds
  Import took 0.005756 seconds .

========================================================================
Received Prepare
Registering precompiled user dll's ...
Registered in 0.001192 seconds.
Begin MonoManager ReloadAssembly
Native extension for WindowsStandalone target not found
Refreshing native plugins compatible for Editor in 0.21 ms, found 0 plugins.
Preloading 0 native plugins for Editor in 0.00 ms.
Mono: successfully reloaded assembly
- Completed reload, in  0.931 seconds
Platform modules already initialized, skipping
Refreshing native plugins compatible for Editor in 0.20 ms, found 0 plugins.
Preloading 0 native plugins for Editor in 0.00 ms.
Unloading 1138 Unused Serialized files (Serialized files now loaded: 0)
System memory in use before: 57.6 MB.
System memory in use after: 57.7 MB.

Unloading 4 unused Assets to reduce memory usage. Loaded Objects now: 1599.
Total: 1.816300 ms (FindLiveObjects: 0.207400 ms CreateObjectMapping: 0.072800 ms MarkObjects: 1.517300 ms  DeleteObjects: 0.016700 ms)

========================================================================
Received Import Request.
  Time since last request: 170.095749 seconds.
  path: Assets/Code/Interfaces/CollectableInterfaces/ICollectableView.cs
  artifactKey: Guid(7636dcf9e7a3db9479c911feabba243f) Importer(815301076,1909f56bfc062723c751e8b465ee728b)
Start importing Assets/Code/Interfaces/CollectableInterfaces/ICollectableView.cs using Guid(7636dcf9e7a3db9479c911feabba243f) Importer(815301076,1909f56bfc062723c751e8b465ee728b)  -> (artifact id: 'e24e3a4eb1099c1ebb133f1bc6618f3c') in 0.004073 seconds
  Import took 0.006006 seconds .

========================================================================
Received Import Request.
  Time since last request: 0.383741 seconds.
  path: Assets/Code/Interfaces/CollectableInterfaces/ICollectableModel.cs
  artifactKey: Guid(27ac7731672441d44824a067c3fd4b45) Importer(815301076,1909f56bfc062723c751e8b465ee728b)
Start importing Assets/Code/Interfaces/CollectableInterfaces/ICollectableModel.cs using Guid(27ac7731672441d44824a067c3fd4b45) Importer(815301076,1909f56bfc062723c751e8b465ee728b)  -> (artifact id: '1c0f34cdf9384cf69eebf094831589b4') in 0.003221 seconds
  Import took 0.016694 seconds .

========================================================================
Received Import Request.
  Time since last request: 0.860258 seconds.
  path: Assets/Code/Interfaces/CollectableInterfaces/ICollectableController.cs
  artifactKey: Guid(601dbd6cfe9284542a2e4286fbf23d5e) Importer(815301076,1909f56bfc062723c751e8b465ee728b)
Start importing Assets/Code/Interfaces/CollectableInterfaces/ICollectableController.cs using Guid(601dbd6cfe9284542a2e4286fbf23d5e) Importer(815301076,1909f56bfc062723c751e8b465ee728b)  -> (artifact id: '1e52081e4255deaa77c6bfeff1ad2554') in 0.003106 seconds
  Import took 0.006067 seconds .

========================================================================
Received Import Request.
  Time since last request: 0.000612 seconds.
  path: Assets/Code/Interfaces/CollectableInterfaces/ICollectableController.cs
  artifactKey: Guid(601dbd6cfe9284542a2e4286fbf23d5e) Importer(815301076,1909f56bfc062723c751e8b465ee728b)
Start importing Assets/Code/Interfaces/CollectableInterfaces/ICollectableController.cs using Guid(601dbd6cfe9284542a2e4286fbf23d5e) Importer(815301076,1909f56bfc062723c751e8b465ee728b)  -> (artifact id: '1e52081e4255deaa77c6bfeff1ad2554') in 0.002697 seconds
  Import took 0.005215 seconds .

========================================================================
Received Prepare
Registering precompiled user dll's ...
Registered in 0.000588 seconds.
Begin MonoManager ReloadAssembly
Native extension for WindowsStandalone target not found
Refreshing native plugins compatible for Editor in 0.21 ms, found 0 plugins.
Preloading 0 native plugins for Editor in 0.00 ms.
Mono: successfully reloaded assembly
- Completed reload, in  0.830 seconds
Platform modules already initialized, skipping
Refreshing native plugins compatible for Editor in 0.20 ms, found 0 plugins.
Preloading 0 native plugins for Editor in 0.00 ms.
Unloading 1138 Unused Serialized files (Serialized files now loaded: 0)
System memory in use before: 57.6 MB.
System memory in use after: 57.7 MB.

Unloading 4 unused Assets to reduce memory usage. Loaded Objects now: 1602.
Total: 1.707700 ms (FindLiveObjects: 0.194800 ms CreateObjectMapping: 0.053500 ms MarkObjects: 1.442400 ms  DeleteObjects: 0.015900 ms)

========================================================================
Received Prepare
Registering precompiled user dll's ...
Registered in 0.000744 seconds.
Begin MonoManager ReloadAssembly
Native extension for WindowsStandalone target not found
Refreshing native plugins compatible for Editor in 0.21 ms, found 0 plugins.
Preloading 0 native plugins for Editor in 0.00 ms.
Mono: successfully reloaded assembly
- Completed reload, in  0.906 seconds
Platform modules already initialized, skipping
Refreshing native plugins compatible for Editor in 0.24 ms, found 0 plugins.
Preloading 0 native plugins for Editor in 0.00 ms.
Unloading 1138 Unused Serialized files (Serialized files now loaded: 0)
System memory in use before: 57.6 MB.
System memory in use after: 57.7 MB.

Unloading 4 unused Assets to reduce memory usage. Loaded Objects now: 1605.
Total: 2.003500 ms (FindLiveObjects: 0.190600 ms CreateObjectMapping: 0.063200 ms MarkObjects: 1.723500 ms  DeleteObjects: 0.023500 ms)

