Using pre-set license
Built from '2020.3/release' branch; Version is '2020.3.7f1 (dd97f2c94397) revision 14522354'; Using compiler version '192528614'; Build Type 'Release'
OS: 'Windows 10 Enterprise LTSC 2019; OS build 17763.2114; Version 1809; 64bit' Language: 'ru' Physical Memory: 8130 MB
BatchMode: 1, IsHumanControllingUs: 0, StartBugReporterOnCrash: 0, Is64bit: 1, IsPro: 0

 COMMAND LINE ARGUMENTS:
C:\Program Files\Unity\Hub\Editor\2020.3.7f1\Editor\Unity.exe
-adb2
-batchMode
-noUpm
-name
AssetImportWorker0
-projectPath
C:/Users/1/Documents/GitHub/Pacman_proj
-logFile
Logs/AssetImportWorker0.log
-srvPort
55194
Successfully changed project path to: C:/Users/1/Documents/GitHub/Pacman_proj
C:/Users/1/Documents/GitHub/Pacman_proj
Using Asset Import Pipeline V2.
Refreshing native plugins compatible for Editor in 23.41 ms, found 0 plugins.
Preloading 0 native plugins for Editor in 0.00 ms.
Initialize engine version: 2020.3.7f1 (dd97f2c94397)
[Subsystems] Discovering subsystems at path C:/Program Files/Unity/Hub/Editor/2020.3.7f1/Editor/Data/Resources/UnitySubsystems
[Subsystems] Discovering subsystems at path C:/Users/1/Documents/GitHub/Pacman_proj/Assets
GfxDevice: creating device client; threaded=0
Direct3D:
    Version:  Direct3D 11.0 [level 11.1]
    Renderer: AMD Radeon R7 200 Series (ID=0x6658)
    Vendor:   
    VRAM:     1000 MB
    Driver:   27.20.15003.1004
Initialize mono
Mono path[0] = 'C:/Program Files/Unity/Hub/Editor/2020.3.7f1/Editor/Data/Managed'
Mono path[1] = 'C:/Program Files/Unity/Hub/Editor/2020.3.7f1/Editor/Data/MonoBleedingEdge/lib/mono/unityjit'
Mono config path = 'C:/Program Files/Unity/Hub/Editor/2020.3.7f1/Editor/Data/MonoBleedingEdge/etc'
Using monoOptions --debugger-agent=transport=dt_socket,embedding=1,server=y,suspend=n,address=127.0.0.1:56796
Begin MonoManager ReloadAssembly
Registering precompiled unity dll's ...
Register platform support module: C:/Program Files/Unity/Hub/Editor/2020.3.7f1/Editor/Data/PlaybackEngines/WindowsStandaloneSupport/UnityEditor.WindowsStandalone.Extensions.dll
Registered in 0.001473 seconds.
Native extension for WindowsStandalone target not found
Refreshing native plugins compatible for Editor in 24.73 ms, found 0 plugins.
Preloading 0 native plugins for Editor in 0.00 ms.
Mono: successfully reloaded assembly
- Completed reload, in  1.302 seconds
Platform modules already initialized, skipping
Registering precompiled user dll's ...
Registered in 0.000661 seconds.
Begin MonoManager ReloadAssembly
Native extension for WindowsStandalone target not found
Refreshing native plugins compatible for Editor in 0.35 ms, found 0 plugins.
Preloading 0 native plugins for Editor in 0.00 ms.
Mono: successfully reloaded assembly
- Completed reload, in  0.929 seconds
Platform modules already initialized, skipping
========================================================================
Worker process is ready to serve import requests
Launched and connected shader compiler UnityShaderCompiler.exe after 0.09 seconds
Refreshing native plugins compatible for Editor in 0.31 ms, found 0 plugins.
Preloading 0 native plugins for Editor in 0.00 ms.
Unloading 1130 Unused Serialized files (Serialized files now loaded: 0)
System memory in use before: 57.4 MB.
System memory in use after: 57.5 MB.

Unloading 9 unused Assets to reduce memory usage. Loaded Objects now: 1573.
Total: 1.921200 ms (FindLiveObjects: 0.183500 ms CreateObjectMapping: 0.101400 ms MarkObjects: 1.574900 ms  DeleteObjects: 0.059800 ms)

========================================================================
Received Import Request.
  path: Assets/Code/Interfaces/PlayerInterfaces/IPlayerView.cs
  artifactKey: Guid(908cde0e9c62f9a4d8d2360765936317) Importer(815301076,1909f56bfc062723c751e8b465ee728b)
Start importing Assets/Code/Interfaces/PlayerInterfaces/IPlayerView.cs using Guid(908cde0e9c62f9a4d8d2360765936317) Importer(815301076,1909f56bfc062723c751e8b465ee728b)  -> (artifact id: '4be307c777bdcc56b482149cab762639') in 0.105474 seconds
  Import took 0.118660 seconds .

========================================================================
Received Prepare
Registering precompiled user dll's ...
Registered in 0.000588 seconds.
Begin MonoManager ReloadAssembly
Native extension for WindowsStandalone target not found
Refreshing native plugins compatible for Editor in 0.21 ms, found 0 plugins.
Preloading 0 native plugins for Editor in 0.00 ms.
Mono: successfully reloaded assembly
- Completed reload, in  0.985 seconds
Platform modules already initialized, skipping
Refreshing native plugins compatible for Editor in 0.20 ms, found 0 plugins.
Preloading 0 native plugins for Editor in 0.00 ms.
Unloading 1124 Unused Serialized files (Serialized files now loaded: 0)
System memory in use before: 57.3 MB.
System memory in use after: 57.4 MB.

Unloading 4 unused Assets to reduce memory usage. Loaded Objects now: 1576.
Total: 2.228800 ms (FindLiveObjects: 0.197500 ms CreateObjectMapping: 0.061100 ms MarkObjects: 1.943800 ms  DeleteObjects: 0.024400 ms)

========================================================================
Received Prepare
Registering precompiled user dll's ...
Registered in 0.000744 seconds.
Begin MonoManager ReloadAssembly
Native extension for WindowsStandalone target not found
Refreshing native plugins compatible for Editor in 0.21 ms, found 0 plugins.
Preloading 0 native plugins for Editor in 0.00 ms.
Mono: successfully reloaded assembly
- Completed reload, in  0.913 seconds
Platform modules already initialized, skipping
Refreshing native plugins compatible for Editor in 0.22 ms, found 0 plugins.
Preloading 0 native plugins for Editor in 0.00 ms.
Unloading 1124 Unused Serialized files (Serialized files now loaded: 0)
System memory in use before: 57.3 MB.
System memory in use after: 57.4 MB.

Unloading 4 unused Assets to reduce memory usage. Loaded Objects now: 1579.
Total: 1.713600 ms (FindLiveObjects: 0.205400 ms CreateObjectMapping: 0.055100 ms MarkObjects: 1.430400 ms  DeleteObjects: 0.021000 ms)

========================================================================
Received Import Request.
  Time since last request: 116.951836 seconds.
  path: Assets/Code/Interfaces/PlayerInterfaces/IPlayerController.cs
  artifactKey: Guid(9d3c050dcef74bc42ad438f9bd21b541) Importer(815301076,1909f56bfc062723c751e8b465ee728b)
Start importing Assets/Code/Interfaces/PlayerInterfaces/IPlayerController.cs using Guid(9d3c050dcef74bc42ad438f9bd21b541) Importer(815301076,1909f56bfc062723c751e8b465ee728b)  -> (artifact id: '9e0e678e7344f92bf411bf55b6979e4d') in 0.003930 seconds
  Import took 0.017649 seconds .

========================================================================
Received Import Request.
  Time since last request: 3.222132 seconds.
  path: Assets/Code/Player/PlayerControl.cs
  artifactKey: Guid(ba1acdcf1edb3ea4eb47b0a8deafaad9) Importer(815301076,1909f56bfc062723c751e8b465ee728b)
Start importing Assets/Code/Player/PlayerControl.cs using Guid(ba1acdcf1edb3ea4eb47b0a8deafaad9) Importer(815301076,1909f56bfc062723c751e8b465ee728b)  -> (artifact id: '8ed86c1fd811cd2fa39e09967ffeb125') in 0.002162 seconds
  Import took 0.059722 seconds .

========================================================================
Received Import Request.
  Time since last request: 1.570580 seconds.
  path: Assets/Code/Player/PlayerControl.cs
  artifactKey: Guid(ba1acdcf1edb3ea4eb47b0a8deafaad9) Importer(815301076,1909f56bfc062723c751e8b465ee728b)
Start importing Assets/Code/Player/PlayerControl.cs using Guid(ba1acdcf1edb3ea4eb47b0a8deafaad9) Importer(815301076,1909f56bfc062723c751e8b465ee728b)  -> (artifact id: '8ed86c1fd811cd2fa39e09967ffeb125') in 0.004690 seconds
  Import took 0.008724 seconds .

========================================================================
Received Import Request.
  Time since last request: 11.996455 seconds.
  path: Assets/Code/Player/PlayerModel.cs
  artifactKey: Guid(02a6616ed95eb654d9a3ddfc7c07bcdd) Importer(815301076,1909f56bfc062723c751e8b465ee728b)
Start importing Assets/Code/Player/PlayerModel.cs using Guid(02a6616ed95eb654d9a3ddfc7c07bcdd) Importer(815301076,1909f56bfc062723c751e8b465ee728b)  -> (artifact id: 'fef36a29cae97eb08b5f23e021b9c524') in 0.004815 seconds
  Import took 0.012604 seconds .

========================================================================
Received Prepare
Registering precompiled user dll's ...
Registered in 0.000583 seconds.
Begin MonoManager ReloadAssembly
Native extension for WindowsStandalone target not found
Refreshing native plugins compatible for Editor in 0.34 ms, found 0 plugins.
Preloading 0 native plugins for Editor in 0.00 ms.
Mono: successfully reloaded assembly
- Completed reload, in  1.188 seconds
Platform modules already initialized, skipping
Refreshing native plugins compatible for Editor in 0.20 ms, found 0 plugins.
Preloading 0 native plugins for Editor in 0.00 ms.
Unloading 1125 Unused Serialized files (Serialized files now loaded: 0)
System memory in use before: 57.3 MB.
System memory in use after: 57.4 MB.

Unloading 4 unused Assets to reduce memory usage. Loaded Objects now: 1583.
Total: 2.010800 ms (FindLiveObjects: 0.194700 ms CreateObjectMapping: 0.045800 ms MarkObjects: 1.748800 ms  DeleteObjects: 0.019700 ms)

========================================================================
Received Prepare
Registering precompiled user dll's ...
Registered in 0.004528 seconds.
Begin MonoManager ReloadAssembly
Native extension for WindowsStandalone target not found
Refreshing native plugins compatible for Editor in 0.20 ms, found 0 plugins.
Preloading 0 native plugins for Editor in 0.00 ms.
Mono: successfully reloaded assembly
- Completed reload, in  0.978 seconds
Platform modules already initialized, skipping
Refreshing native plugins compatible for Editor in 0.20 ms, found 0 plugins.
Preloading 0 native plugins for Editor in 0.00 ms.
Unloading 1125 Unused Serialized files (Serialized files now loaded: 0)
System memory in use before: 57.3 MB.
System memory in use after: 57.4 MB.

Unloading 4 unused Assets to reduce memory usage. Loaded Objects now: 1586.
Total: 1.812000 ms (FindLiveObjects: 0.156600 ms CreateObjectMapping: 0.042600 ms MarkObjects: 1.595600 ms  DeleteObjects: 0.015800 ms)

========================================================================
Received Import Request.
  Time since last request: 213.195863 seconds.
  path: Assets/Code/Player/PlayerModel.cs
  artifactKey: Guid(02a6616ed95eb654d9a3ddfc7c07bcdd) Importer(815301076,1909f56bfc062723c751e8b465ee728b)
Start importing Assets/Code/Player/PlayerModel.cs using Guid(02a6616ed95eb654d9a3ddfc7c07bcdd) Importer(815301076,1909f56bfc062723c751e8b465ee728b)  -> (artifact id: 'ce2556ab929c29b4079d51f784e41f3c') in 0.023710 seconds
  Import took 0.054144 seconds .

========================================================================
Received Import Request.
  Time since last request: 12.087136 seconds.
  path: Assets/Code/Player/PlayerView.cs
  artifactKey: Guid(6e302c860bcd7a546a90b92e3f457be9) Importer(815301076,1909f56bfc062723c751e8b465ee728b)
Start importing Assets/Code/Player/PlayerView.cs using Guid(6e302c860bcd7a546a90b92e3f457be9) Importer(815301076,1909f56bfc062723c751e8b465ee728b)  -> (artifact id: '39d7f32dcbde7dd12115d80577b36ff6') in 0.018279 seconds
  Import took 0.034001 seconds .

========================================================================
Received Prepare
Registering precompiled user dll's ...
Registered in 0.000599 seconds.
Begin MonoManager ReloadAssembly
Native extension for WindowsStandalone target not found
Refreshing native plugins compatible for Editor in 0.35 ms, found 0 plugins.
Preloading 0 native plugins for Editor in 0.00 ms.
Mono: successfully reloaded assembly
- Completed reload, in  1.111 seconds
Platform modules already initialized, skipping
Refreshing native plugins compatible for Editor in 0.22 ms, found 0 plugins.
Preloading 0 native plugins for Editor in 0.00 ms.
Unloading 1126 Unused Serialized files (Serialized files now loaded: 0)
System memory in use before: 57.4 MB.
System memory in use after: 57.5 MB.

Unloading 4 unused Assets to reduce memory usage. Loaded Objects now: 1590.
Total: 1.845600 ms (FindLiveObjects: 0.155500 ms CreateObjectMapping: 0.044000 ms MarkObjects: 1.628200 ms  DeleteObjects: 0.016300 ms)

========================================================================
Received Prepare
Registering precompiled user dll's ...
Registered in 0.000633 seconds.
Begin MonoManager ReloadAssembly
Native extension for WindowsStandalone target not found
Refreshing native plugins compatible for Editor in 0.21 ms, found 0 plugins.
Preloading 0 native plugins for Editor in 0.00 ms.
Mono: successfully reloaded assembly
- Completed reload, in  0.952 seconds
Platform modules already initialized, skipping
Refreshing native plugins compatible for Editor in 0.20 ms, found 0 plugins.
Preloading 0 native plugins for Editor in 0.00 ms.
Unloading 1126 Unused Serialized files (Serialized files now loaded: 0)
System memory in use before: 57.4 MB.
System memory in use after: 57.5 MB.

Unloading 4 unused Assets to reduce memory usage. Loaded Objects now: 1593.
Total: 1.811300 ms (FindLiveObjects: 0.170000 ms CreateObjectMapping: 0.045400 ms MarkObjects: 1.577000 ms  DeleteObjects: 0.017200 ms)

========================================================================
Received Import Request.
  Time since last request: 89.562649 seconds.
  path: Assets/Code/Player/PlayerView.cs
  artifactKey: Guid(6e302c860bcd7a546a90b92e3f457be9) Importer(815301076,1909f56bfc062723c751e8b465ee728b)
Start importing Assets/Code/Player/PlayerView.cs using Guid(6e302c860bcd7a546a90b92e3f457be9) Importer(815301076,1909f56bfc062723c751e8b465ee728b)  -> (artifact id: 'ac0eb953c95e86c39e9703ffc57fa61c') in 0.004298 seconds
  Import took 0.052669 seconds .

========================================================================
Received Import Request.
  Time since last request: 6.972697 seconds.
  path: Assets/Code/Player/PlayerController.cs
  artifactKey: Guid(4e6b0836c0e5c1740aea46ad6eff7499) Importer(815301076,1909f56bfc062723c751e8b465ee728b)
Start importing Assets/Code/Player/PlayerController.cs using Guid(4e6b0836c0e5c1740aea46ad6eff7499) Importer(815301076,1909f56bfc062723c751e8b465ee728b)  -> (artifact id: 'ecec93bccc5e5b1d8b9a674d95fea3ec') in 0.005307 seconds
  Import took 0.024177 seconds .

========================================================================
Received Prepare
Registering precompiled user dll's ...
Registered in 0.000604 seconds.
Begin MonoManager ReloadAssembly
Native extension for WindowsStandalone target not found
Refreshing native plugins compatible for Editor in 0.23 ms, found 0 plugins.
Preloading 0 native plugins for Editor in 0.00 ms.
Mono: successfully reloaded assembly
- Completed reload, in  1.072 seconds
Platform modules already initialized, skipping
Refreshing native plugins compatible for Editor in 0.20 ms, found 0 plugins.
Preloading 0 native plugins for Editor in 0.00 ms.
Unloading 1127 Unused Serialized files (Serialized files now loaded: 0)
System memory in use before: 57.4 MB.
System memory in use after: 57.5 MB.

Unloading 4 unused Assets to reduce memory usage. Loaded Objects now: 1597.
Total: 2.011600 ms (FindLiveObjects: 0.162400 ms CreateObjectMapping: 0.053900 ms MarkObjects: 1.773300 ms  DeleteObjects: 0.020600 ms)

========================================================================
Received Prepare
Registering precompiled user dll's ...
Registered in 0.000633 seconds.
Begin MonoManager ReloadAssembly
Native extension for WindowsStandalone target not found
Refreshing native plugins compatible for Editor in 0.22 ms, found 0 plugins.
Preloading 0 native plugins for Editor in 0.00 ms.
Mono: successfully reloaded assembly
- Completed reload, in  0.932 seconds
Platform modules already initialized, skipping
Refreshing native plugins compatible for Editor in 0.20 ms, found 0 plugins.
Preloading 0 native plugins for Editor in 0.00 ms.
Unloading 1127 Unused Serialized files (Serialized files now loaded: 0)
System memory in use before: 57.4 MB.
System memory in use after: 57.5 MB.

Unloading 4 unused Assets to reduce memory usage. Loaded Objects now: 1600.
Total: 1.880400 ms (FindLiveObjects: 0.190500 ms CreateObjectMapping: 0.043800 ms MarkObjects: 1.630400 ms  DeleteObjects: 0.014200 ms)

========================================================================
Received Import Request.
  Time since last request: 362.592533 seconds.
  path: Assets/Code/Player/PlayerController.cs
  artifactKey: Guid(4e6b0836c0e5c1740aea46ad6eff7499) Importer(815301076,1909f56bfc062723c751e8b465ee728b)
Start importing Assets/Code/Player/PlayerController.cs using Guid(4e6b0836c0e5c1740aea46ad6eff7499) Importer(815301076,1909f56bfc062723c751e8b465ee728b)  -> (artifact id: 'ae670c5e949ef340fd6be2bc3e8e72d6') in 0.004980 seconds
  Import took 0.018819 seconds .

========================================================================
Received Prepare
Registering precompiled user dll's ...
Registered in 0.000597 seconds.
Begin MonoManager ReloadAssembly
Native extension for WindowsStandalone target not found
Refreshing native plugins compatible for Editor in 0.20 ms, found 0 plugins.
Preloading 0 native plugins for Editor in 0.00 ms.
Mono: successfully reloaded assembly
- Completed reload, in  0.915 seconds
Platform modules already initialized, skipping
Refreshing native plugins compatible for Editor in 0.20 ms, found 0 plugins.
Preloading 0 native plugins for Editor in 0.00 ms.
Unloading 1127 Unused Serialized files (Serialized files now loaded: 0)
System memory in use before: 57.4 MB.
System memory in use after: 57.5 MB.

Unloading 4 unused Assets to reduce memory usage. Loaded Objects now: 1603.
Total: 1.848300 ms (FindLiveObjects: 0.186900 ms CreateObjectMapping: 0.043400 ms MarkObjects: 1.596700 ms  DeleteObjects: 0.017600 ms)

========================================================================
Received Import Request.
  Time since last request: 1379.057989 seconds.
  path: Assets/Code/Interfaces/PlayerInterfaces/IPlayerView.cs
  artifactKey: Guid(908cde0e9c62f9a4d8d2360765936317) Importer(815301076,1909f56bfc062723c751e8b465ee728b)
Start importing Assets/Code/Interfaces/PlayerInterfaces/IPlayerView.cs using Guid(908cde0e9c62f9a4d8d2360765936317) Importer(815301076,1909f56bfc062723c751e8b465ee728b)  -> (artifact id: '21031e24f38f15e528c58d8774b1a7f2') in 0.003980 seconds
  Import took 0.006886 seconds .

========================================================================
Received Import Request.
  Time since last request: 10.739810 seconds.
  path: Assets/Code/Enemies
  artifactKey: Guid(281caeb2aa6cfc440934726b74cc64e0) Importer(815301076,1909f56bfc062723c751e8b465ee728b)
Start importing Assets/Code/Enemies using Guid(281caeb2aa6cfc440934726b74cc64e0) Importer(815301076,1909f56bfc062723c751e8b465ee728b)  -> (artifact id: '6d98d2a3d47e39c5d6c7a5d8b39d3a4b') in 0.003670 seconds
  Import took 0.006631 seconds .

========================================================================
Received Import Request.
  Time since last request: 2.121025 seconds.
  path: Assets/Code/EnemyControl.cs
  artifactKey: Guid(148334e3c9278db408f45d6451929ca7) Importer(815301076,1909f56bfc062723c751e8b465ee728b)
Start importing Assets/Code/EnemyControl.cs using Guid(148334e3c9278db408f45d6451929ca7) Importer(815301076,1909f56bfc062723c751e8b465ee728b)  -> (artifact id: '4f334f182b8b766a0f709424959ca1e3') in 0.005110 seconds
  Import took 0.016458 seconds .

========================================================================
Received Import Request.
  Time since last request: 0.031754 seconds.
  path: Assets/Code/EnemyControl.cs
  artifactKey: Guid(148334e3c9278db408f45d6451929ca7) Importer(815301076,1909f56bfc062723c751e8b465ee728b)
Start importing Assets/Code/EnemyControl.cs using Guid(148334e3c9278db408f45d6451929ca7) Importer(815301076,1909f56bfc062723c751e8b465ee728b)  -> (artifact id: '4f334f182b8b766a0f709424959ca1e3') in 0.003133 seconds
  Import took 0.005454 seconds .

========================================================================
Received Import Request.
  Time since last request: 0.437048 seconds.
  path: Assets/Code/IEnemyMoving.cs
  artifactKey: Guid(1e86ce7b8fab8d642b24834487fcc748) Importer(815301076,1909f56bfc062723c751e8b465ee728b)
Start importing Assets/Code/IEnemyMoving.cs using Guid(1e86ce7b8fab8d642b24834487fcc748) Importer(815301076,1909f56bfc062723c751e8b465ee728b)  -> (artifact id: 'e010a2fe3241291d7f213e8ee0d85967') in 0.002399 seconds
  Import took 0.005052 seconds .

========================================================================
Received Import Request.
  Time since last request: 0.022785 seconds.
  path: Assets/Code/IEnemyMoving.cs
  artifactKey: Guid(1e86ce7b8fab8d642b24834487fcc748) Importer(815301076,1909f56bfc062723c751e8b465ee728b)
Start importing Assets/Code/IEnemyMoving.cs using Guid(1e86ce7b8fab8d642b24834487fcc748) Importer(815301076,1909f56bfc062723c751e8b465ee728b)  -> (artifact id: 'e010a2fe3241291d7f213e8ee0d85967') in 0.002837 seconds
  Import took 0.005058 seconds .

========================================================================
Received Prepare
Registering precompiled user dll's ...
Registered in 0.000582 seconds.
Begin MonoManager ReloadAssembly
Native extension for WindowsStandalone target not found
Refreshing native plugins compatible for Editor in 0.21 ms, found 0 plugins.
Preloading 0 native plugins for Editor in 0.00 ms.
Mono: successfully reloaded assembly
- Completed reload, in  1.211 seconds
Platform modules already initialized, skipping
Refreshing native plugins compatible for Editor in 0.39 ms, found 0 plugins.
Preloading 0 native plugins for Editor in 0.00 ms.
Unloading 1127 Unused Serialized files (Serialized files now loaded: 0)
System memory in use before: 57.4 MB.
System memory in use after: 57.5 MB.

Unloading 4 unused Assets to reduce memory usage. Loaded Objects now: 1606.
Total: 1.827700 ms (FindLiveObjects: 0.160300 ms CreateObjectMapping: 0.057400 ms MarkObjects: 1.591100 ms  DeleteObjects: 0.017000 ms)

========================================================================
Received Import Request.
  Time since last request: 12.279615 seconds.
  path: Assets/Code/GameStarter.cs
  artifactKey: Guid(1d911dbd274f93149afe8280cee72b77) Importer(815301076,1909f56bfc062723c751e8b465ee728b)
Start importing Assets/Code/GameStarter.cs using Guid(1d911dbd274f93149afe8280cee72b77) Importer(815301076,1909f56bfc062723c751e8b465ee728b)  -> (artifact id: 'e6edf2bf05f6158ed8a127746f332868') in 0.010652 seconds
  Import took 0.028477 seconds .

========================================================================
Received Prepare
Registering precompiled user dll's ...
Registered in 0.000641 seconds.
Begin MonoManager ReloadAssembly
Native extension for WindowsStandalone target not found
Refreshing native plugins compatible for Editor in 0.32 ms, found 0 plugins.
Preloading 0 native plugins for Editor in 0.00 ms.
Mono: successfully reloaded assembly
- Completed reload, in  1.046 seconds
Platform modules already initialized, skipping
Refreshing native plugins compatible for Editor in 0.22 ms, found 0 plugins.
Preloading 0 native plugins for Editor in 0.00 ms.
Unloading 1128 Unused Serialized files (Serialized files now loaded: 0)
System memory in use before: 57.4 MB.
System memory in use after: 57.5 MB.

Unloading 4 unused Assets to reduce memory usage. Loaded Objects now: 1610.
Total: 1.828500 ms (FindLiveObjects: 0.204800 ms CreateObjectMapping: 0.048200 ms MarkObjects: 1.557700 ms  DeleteObjects: 0.016500 ms)

========================================================================
Received Prepare
Registering precompiled user dll's ...
Registered in 0.001737 seconds.
Begin MonoManager ReloadAssembly
Native extension for WindowsStandalone target not found
Refreshing native plugins compatible for Editor in 0.21 ms, found 0 plugins.
Preloading 0 native plugins for Editor in 0.00 ms.
Mono: successfully reloaded assembly
- Completed reload, in  0.935 seconds
Platform modules already initialized, skipping
Refreshing native plugins compatible for Editor in 0.20 ms, found 0 plugins.
Preloading 0 native plugins for Editor in 0.00 ms.
Unloading 1128 Unused Serialized files (Serialized files now loaded: 0)
System memory in use before: 57.4 MB.
System memory in use after: 57.5 MB.

Unloading 4 unused Assets to reduce memory usage. Loaded Objects now: 1613.
Total: 1.702900 ms (FindLiveObjects: 0.188900 ms CreateObjectMapping: 0.045900 ms MarkObjects: 1.452500 ms  DeleteObjects: 0.014000 ms)

========================================================================
Received Import Request.
  Time since last request: 293.644223 seconds.
  path: Assets/Code/GameStarter.cs
  artifactKey: Guid(1d911dbd274f93149afe8280cee72b77) Importer(815301076,1909f56bfc062723c751e8b465ee728b)
Start importing Assets/Code/GameStarter.cs using Guid(1d911dbd274f93149afe8280cee72b77) Importer(815301076,1909f56bfc062723c751e8b465ee728b)  -> (artifact id: '599cb32c8a075fafbab56b1b3c4fcbf4') in 0.004161 seconds
  Import took 0.006600 seconds .

========================================================================
Received Prepare
Registering precompiled user dll's ...
Registered in 0.000614 seconds.
Begin MonoManager ReloadAssembly
Native extension for WindowsStandalone target not found
Refreshing native plugins compatible for Editor in 0.21 ms, found 0 plugins.
Preloading 0 native plugins for Editor in 0.00 ms.
Mono: successfully reloaded assembly
- Completed reload, in  0.910 seconds
Platform modules already initialized, skipping
Refreshing native plugins compatible for Editor in 0.20 ms, found 0 plugins.
Preloading 0 native plugins for Editor in 0.00 ms.
Unloading 1128 Unused Serialized files (Serialized files now loaded: 0)
System memory in use before: 57.5 MB.
System memory in use after: 57.6 MB.

Unloading 4 unused Assets to reduce memory usage. Loaded Objects now: 1616.
Total: 1.748400 ms (FindLiveObjects: 0.164700 ms CreateObjectMapping: 0.054100 ms MarkObjects: 1.513100 ms  DeleteObjects: 0.015100 ms)

========================================================================
Received Prepare
Registering precompiled user dll's ...
Registered in 0.000813 seconds.
Begin MonoManager ReloadAssembly
Native extension for WindowsStandalone target not found
Refreshing native plugins compatible for Editor in 0.21 ms, found 0 plugins.
Preloading 0 native plugins for Editor in 0.00 ms.
Mono: successfully reloaded assembly
- Completed reload, in  0.803 seconds
Platform modules already initialized, skipping
Refreshing native plugins compatible for Editor in 0.20 ms, found 0 plugins.
Preloading 0 native plugins for Editor in 0.00 ms.
Unloading 1128 Unused Serialized files (Serialized files now loaded: 0)
System memory in use before: 57.5 MB.
System memory in use after: 57.6 MB.

Unloading 4 unused Assets to reduce memory usage. Loaded Objects now: 1619.
Total: 1.820600 ms (FindLiveObjects: 0.210700 ms CreateObjectMapping: 0.056000 ms MarkObjects: 1.537400 ms  DeleteObjects: 0.014800 ms)

========================================================================
Received Prepare
Registering precompiled user dll's ...
Registered in 0.000580 seconds.
Begin MonoManager ReloadAssembly
Native extension for WindowsStandalone target not found
Refreshing native plugins compatible for Editor in 0.20 ms, found 0 plugins.
Preloading 0 native plugins for Editor in 0.00 ms.
Mono: successfully reloaded assembly
- Completed reload, in  0.924 seconds
Platform modules already initialized, skipping
Refreshing native plugins compatible for Editor in 0.20 ms, found 0 plugins.
Preloading 0 native plugins for Editor in 0.00 ms.
Unloading 1128 Unused Serialized files (Serialized files now loaded: 0)
System memory in use before: 57.5 MB.
System memory in use after: 57.6 MB.

Unloading 4 unused Assets to reduce memory usage. Loaded Objects now: 1622.
Total: 1.813100 ms (FindLiveObjects: 0.145000 ms CreateObjectMapping: 0.048400 ms MarkObjects: 1.603300 ms  DeleteObjects: 0.014800 ms)

========================================================================
Received Prepare
Registering precompiled user dll's ...
Registered in 0.000584 seconds.
Begin MonoManager ReloadAssembly
Native extension for WindowsStandalone target not found
Refreshing native plugins compatible for Editor in 0.21 ms, found 0 plugins.
Preloading 0 native plugins for Editor in 0.00 ms.
Mono: successfully reloaded assembly
- Completed reload, in  0.866 seconds
Platform modules already initialized, skipping
Refreshing native plugins compatible for Editor in 0.26 ms, found 0 plugins.
Preloading 0 native plugins for Editor in 0.00 ms.
Unloading 1128 Unused Serialized files (Serialized files now loaded: 0)
System memory in use before: 57.5 MB.
System memory in use after: 57.6 MB.

Unloading 4 unused Assets to reduce memory usage. Loaded Objects now: 1625.
Total: 1.669300 ms (FindLiveObjects: 0.153400 ms CreateObjectMapping: 0.050300 ms MarkObjects: 1.449200 ms  DeleteObjects: 0.015100 ms)

========================================================================
Received Prepare
Registering precompiled user dll's ...
Registered in 0.000850 seconds.
Begin MonoManager ReloadAssembly
Native extension for WindowsStandalone target not found
Refreshing native plugins compatible for Editor in 0.21 ms, found 0 plugins.
Preloading 0 native plugins for Editor in 0.00 ms.
Mono: successfully reloaded assembly
- Completed reload, in  0.948 seconds
Platform modules already initialized, skipping
Refreshing native plugins compatible for Editor in 0.30 ms, found 0 plugins.
Preloading 0 native plugins for Editor in 0.00 ms.
Unloading 1128 Unused Serialized files (Serialized files now loaded: 0)
System memory in use before: 57.5 MB.
System memory in use after: 57.6 MB.

Unloading 4 unused Assets to reduce memory usage. Loaded Objects now: 1628.
Total: 1.851500 ms (FindLiveObjects: 0.178200 ms CreateObjectMapping: 0.046200 ms MarkObjects: 1.609800 ms  DeleteObjects: 0.015800 ms)

========================================================================
Received Prepare
Registering precompiled user dll's ...
Registered in 0.000684 seconds.
Begin MonoManager ReloadAssembly
Native extension for WindowsStandalone target not found
Refreshing native plugins compatible for Editor in 0.21 ms, found 0 plugins.
Preloading 0 native plugins for Editor in 0.00 ms.
Mono: successfully reloaded assembly
- Completed reload, in  0.904 seconds
Platform modules already initialized, skipping
Refreshing native plugins compatible for Editor in 0.22 ms, found 0 plugins.
Preloading 0 native plugins for Editor in 0.00 ms.
Unloading 1128 Unused Serialized files (Serialized files now loaded: 0)
System memory in use before: 57.5 MB.
System memory in use after: 57.6 MB.

Unloading 4 unused Assets to reduce memory usage. Loaded Objects now: 1631.
Total: 2.461700 ms (FindLiveObjects: 0.215200 ms CreateObjectMapping: 0.072800 ms MarkObjects: 2.150500 ms  DeleteObjects: 0.021300 ms)

========================================================================
Received Prepare
Registering precompiled user dll's ...
Registered in 0.000585 seconds.
Begin MonoManager ReloadAssembly
Native extension for WindowsStandalone target not found
Refreshing native plugins compatible for Editor in 0.20 ms, found 0 plugins.
Preloading 0 native plugins for Editor in 0.00 ms.
Mono: successfully reloaded assembly
- Completed reload, in  0.854 seconds
Platform modules already initialized, skipping
Refreshing native plugins compatible for Editor in 0.20 ms, found 0 plugins.
Preloading 0 native plugins for Editor in 0.00 ms.
Unloading 1128 Unused Serialized files (Serialized files now loaded: 0)
System memory in use before: 57.5 MB.
System memory in use after: 57.6 MB.

Unloading 4 unused Assets to reduce memory usage. Loaded Objects now: 1634.
Total: 2.510900 ms (FindLiveObjects: 0.180100 ms CreateObjectMapping: 0.052200 ms MarkObjects: 2.259900 ms  DeleteObjects: 0.017300 ms)

========================================================================
Received Import Request.
  Time since last request: 477.849737 seconds.
  path: Assets/Code/Player/PlayerController.cs
  artifactKey: Guid(4e6b0836c0e5c1740aea46ad6eff7499) Importer(815301076,1909f56bfc062723c751e8b465ee728b)
Start importing Assets/Code/Player/PlayerController.cs using Guid(4e6b0836c0e5c1740aea46ad6eff7499) Importer(815301076,1909f56bfc062723c751e8b465ee728b)  -> (artifact id: 'eba1e470742371a9761d8d1a12a6a07d') in 0.004627 seconds
  Import took 0.018075 seconds .

========================================================================
Received Import Request.
  Time since last request: 0.024068 seconds.
  path: Assets/Code/Player/PlayerController.cs
  artifactKey: Guid(4e6b0836c0e5c1740aea46ad6eff7499) Importer(815301076,1909f56bfc062723c751e8b465ee728b)
Start importing Assets/Code/Player/PlayerController.cs using Guid(4e6b0836c0e5c1740aea46ad6eff7499) Importer(815301076,1909f56bfc062723c751e8b465ee728b)  -> (artifact id: 'eba1e470742371a9761d8d1a12a6a07d') in 0.002647 seconds
  Import took 0.005189 seconds .

========================================================================
Received Prepare
Registering precompiled user dll's ...
Registered in 0.000635 seconds.
Begin MonoManager ReloadAssembly
Native extension for WindowsStandalone target not found
Refreshing native plugins compatible for Editor in 0.26 ms, found 0 plugins.
Preloading 0 native plugins for Editor in 0.00 ms.
Mono: successfully reloaded assembly
- Completed reload, in  0.925 seconds
Platform modules already initialized, skipping
Refreshing native plugins compatible for Editor in 0.24 ms, found 0 plugins.
Preloading 0 native plugins for Editor in 0.00 ms.
Unloading 1128 Unused Serialized files (Serialized files now loaded: 0)
System memory in use before: 57.5 MB.
System memory in use after: 57.6 MB.

Unloading 4 unused Assets to reduce memory usage. Loaded Objects now: 1637.
Total: 2.186900 ms (FindLiveObjects: 0.364400 ms CreateObjectMapping: 0.099400 ms MarkObjects: 1.703600 ms  DeleteObjects: 0.017200 ms)

========================================================================
Received Import Request.
  Time since last request: 63.399636 seconds.
  path: Assets/Code/Player/PlayerController.cs
  artifactKey: Guid(4e6b0836c0e5c1740aea46ad6eff7499) Importer(815301076,1909f56bfc062723c751e8b465ee728b)
Start importing Assets/Code/Player/PlayerController.cs using Guid(4e6b0836c0e5c1740aea46ad6eff7499) Importer(815301076,1909f56bfc062723c751e8b465ee728b)  -> (artifact id: 'e7073cb795cf0c9e5ad9891ea4e6cfb7') in 0.003721 seconds
  Import took 0.006301 seconds .

========================================================================
Received Import Request.
  Time since last request: 8.956077 seconds.
  path: Assets/Code/Player/PlayerBonusCollecting.cs
  artifactKey: Guid(1a808cddeabac054ba3bc5cebdf9db9e) Importer(815301076,1909f56bfc062723c751e8b465ee728b)
Start importing Assets/Code/Player/PlayerBonusCollecting.cs using Guid(1a808cddeabac054ba3bc5cebdf9db9e) Importer(815301076,1909f56bfc062723c751e8b465ee728b)  -> (artifact id: 'eb6fb2e8436e0cf45a0044b3cfb6051c') in 0.010637 seconds
  Import took 0.013935 seconds .

========================================================================
Received Prepare
Registering precompiled user dll's ...
Registered in 0.000567 seconds.
Begin MonoManager ReloadAssembly
Native extension for WindowsStandalone target not found
Refreshing native plugins compatible for Editor in 0.50 ms, found 0 plugins.
Preloading 0 native plugins for Editor in 0.00 ms.
Mono: successfully reloaded assembly
- Completed reload, in  1.319 seconds
Platform modules already initialized, skipping
Refreshing native plugins compatible for Editor in 0.21 ms, found 0 plugins.
Preloading 0 native plugins for Editor in 0.00 ms.
Unloading 1129 Unused Serialized files (Serialized files now loaded: 0)
System memory in use before: 57.5 MB.
System memory in use after: 57.6 MB.

Unloading 4 unused Assets to reduce memory usage. Loaded Objects now: 1641.
Total: 1.599200 ms (FindLiveObjects: 0.196000 ms CreateObjectMapping: 0.045100 ms MarkObjects: 1.342100 ms  DeleteObjects: 0.014900 ms)

========================================================================
Received Import Request.
  Time since last request: 260.528433 seconds.
  path: Assets/Code/Camera
  artifactKey: Guid(f0d561181d271ad4a974703f6cc3120d) Importer(815301076,1909f56bfc062723c751e8b465ee728b)
Start importing Assets/Code/Camera using Guid(f0d561181d271ad4a974703f6cc3120d) Importer(815301076,1909f56bfc062723c751e8b465ee728b)  -> (artifact id: '2b2f12946e4bf85b8aae53855e7e935b') in 0.014461 seconds
  Import took 0.041502 seconds .

========================================================================
Received Import Request.
  Time since last request: 17.258151 seconds.
  path: Assets/Code/Interfaces/CameraInterfaces
  artifactKey: Guid(f31d9067a22706d458d683818d350f01) Importer(815301076,1909f56bfc062723c751e8b465ee728b)
Start importing Assets/Code/Interfaces/CameraInterfaces using Guid(f31d9067a22706d458d683818d350f01) Importer(815301076,1909f56bfc062723c751e8b465ee728b)  -> (artifact id: '53042f526aba9a06845d5ec6bb820299') in 0.013997 seconds
  Import took 0.016978 seconds .

========================================================================
Received Import Request.
  Time since last request: 10.112243 seconds.
  path: Assets/Code/Interfaces/CameraInterfaces/ICameraModel.cs
  artifactKey: Guid(93873f4b013e99541af728a55aad4683) Importer(815301076,1909f56bfc062723c751e8b465ee728b)
Start importing Assets/Code/Interfaces/CameraInterfaces/ICameraModel.cs using Guid(93873f4b013e99541af728a55aad4683) Importer(815301076,1909f56bfc062723c751e8b465ee728b)  -> (artifact id: 'bd4bad69968a0cc5f25394a84a2ec936') in 0.011978 seconds
  Import took 0.016982 seconds .

========================================================================
Received Prepare
Registering precompiled user dll's ...
Registered in 0.000590 seconds.
Begin MonoManager ReloadAssembly
Native extension for WindowsStandalone target not found
Refreshing native plugins compatible for Editor in 0.21 ms, found 0 plugins.
Preloading 0 native plugins for Editor in 0.00 ms.
Mono: successfully reloaded assembly
- Completed reload, in  1.028 seconds
Platform modules already initialized, skipping
Refreshing native plugins compatible for Editor in 0.64 ms, found 0 plugins.
Preloading 0 native plugins for Editor in 0.00 ms.
Unloading 1130 Unused Serialized files (Serialized files now loaded: 0)
System memory in use before: 57.5 MB.
System memory in use after: 57.6 MB.

Unloading 4 unused Assets to reduce memory usage. Loaded Objects now: 1645.
Total: 2.323900 ms (FindLiveObjects: 0.173200 ms CreateObjectMapping: 0.052800 ms MarkObjects: 2.072200 ms  DeleteObjects: 0.023800 ms)

========================================================================
Received Import Request.
  Time since last request: 13.869945 seconds.
  path: Assets/Code/Interfaces/CameraInterfaces/ICameraController.cs
  artifactKey: Guid(1534f148d1505c045a274c258d289734) Importer(815301076,1909f56bfc062723c751e8b465ee728b)
Start importing Assets/Code/Interfaces/CameraInterfaces/ICameraController.cs using Guid(1534f148d1505c045a274c258d289734) Importer(815301076,1909f56bfc062723c751e8b465ee728b)  -> (artifact id: '29d5d41bf467f913473a4c8d89169045') in 0.026915 seconds
  Import took 0.030780 seconds .

========================================================================
Received Prepare
Registering precompiled user dll's ...
Registered in 0.000646 seconds.
Begin MonoManager ReloadAssembly
Native extension for WindowsStandalone target not found
Refreshing native plugins compatible for Editor in 0.22 ms, found 0 plugins.
Preloading 0 native plugins for Editor in 0.00 ms.
Mono: successfully reloaded assembly
- Completed reload, in  1.066 seconds
Platform modules already initialized, skipping
Refreshing native plugins compatible for Editor in 0.23 ms, found 0 plugins.
Preloading 0 native plugins for Editor in 0.00 ms.
Unloading 1131 Unused Serialized files (Serialized files now loaded: 0)
System memory in use before: 57.6 MB.
System memory in use after: 57.7 MB.

Unloading 4 unused Assets to reduce memory usage. Loaded Objects now: 1649.
Total: 2.210400 ms (FindLiveObjects: 0.325700 ms CreateObjectMapping: 0.067100 ms MarkObjects: 1.797300 ms  DeleteObjects: 0.018200 ms)

========================================================================
Received Import Request.
  Time since last request: 13.956478 seconds.
  path: Assets/Code/Interfaces/CameraInterfaces/ICameraView.cs
  artifactKey: Guid(3b6e8ebed68c57f47ab4d96e72eb10be) Importer(815301076,1909f56bfc062723c751e8b465ee728b)
Start importing Assets/Code/Interfaces/CameraInterfaces/ICameraView.cs using Guid(3b6e8ebed68c57f47ab4d96e72eb10be) Importer(815301076,1909f56bfc062723c751e8b465ee728b)  -> (artifact id: '163c75a00e1c7ac700cd4f3467725556') in 0.021141 seconds
  Import took 0.023962 seconds .

========================================================================
Received Prepare
Registering precompiled user dll's ...
Registered in 0.000608 seconds.
Begin MonoManager ReloadAssembly
Native extension for WindowsStandalone target not found
Refreshing native plugins compatible for Editor in 0.33 ms, found 0 plugins.
Preloading 0 native plugins for Editor in 0.00 ms.
Mono: successfully reloaded assembly
- Completed reload, in  1.125 seconds
Platform modules already initialized, skipping
Refreshing native plugins compatible for Editor in 0.20 ms, found 0 plugins.
Preloading 0 native plugins for Editor in 0.00 ms.
Unloading 1132 Unused Serialized files (Serialized files now loaded: 0)
System memory in use before: 57.6 MB.
System memory in use after: 57.7 MB.

Unloading 4 unused Assets to reduce memory usage. Loaded Objects now: 1653.
Total: 1.885100 ms (FindLiveObjects: 0.159800 ms CreateObjectMapping: 0.054400 ms MarkObjects: 1.654700 ms  DeleteObjects: 0.014800 ms)

========================================================================
Received Prepare
Registering precompiled user dll's ...
Registered in 0.000836 seconds.
Begin MonoManager ReloadAssembly
Native extension for WindowsStandalone target not found
Refreshing native plugins compatible for Editor in 0.21 ms, found 0 plugins.
Preloading 0 native plugins for Editor in 0.00 ms.
Mono: successfully reloaded assembly
- Completed reload, in  0.936 seconds
Platform modules already initialized, skipping
Refreshing native plugins compatible for Editor in 0.20 ms, found 0 plugins.
Preloading 0 native plugins for Editor in 0.00 ms.
Unloading 1132 Unused Serialized files (Serialized files now loaded: 0)
System memory in use before: 57.6 MB.
System memory in use after: 57.7 MB.

Unloading 4 unused Assets to reduce memory usage. Loaded Objects now: 1656.
Total: 1.800500 ms (FindLiveObjects: 0.217100 ms CreateObjectMapping: 0.045400 ms MarkObjects: 1.517700 ms  DeleteObjects: 0.018000 ms)

========================================================================
Received Prepare
Registering precompiled user dll's ...
Registered in 0.000707 seconds.
Begin MonoManager ReloadAssembly
Native extension for WindowsStandalone target not found
Refreshing native plugins compatible for Editor in 0.23 ms, found 0 plugins.
Preloading 0 native plugins for Editor in 0.00 ms.
Mono: successfully reloaded assembly
- Completed reload, in  0.914 seconds
Platform modules already initialized, skipping
Refreshing native plugins compatible for Editor in 0.33 ms, found 0 plugins.
Preloading 0 native plugins for Editor in 0.00 ms.
Unloading 1132 Unused Serialized files (Serialized files now loaded: 0)
System memory in use before: 57.6 MB.
System memory in use after: 57.7 MB.

Unloading 4 unused Assets to reduce memory usage. Loaded Objects now: 1659.
Total: 1.974200 ms (FindLiveObjects: 0.169400 ms CreateObjectMapping: 0.038300 ms MarkObjects: 1.749300 ms  DeleteObjects: 0.015800 ms)

========================================================================
Received Import Request.
  Time since last request: 190.542417 seconds.
  path: Assets/Code/Interfaces/CameraInterfaces/ICameraModel.cs
  artifactKey: Guid(93873f4b013e99541af728a55aad4683) Importer(815301076,1909f56bfc062723c751e8b465ee728b)
Start importing Assets/Code/Interfaces/CameraInterfaces/ICameraModel.cs using Guid(93873f4b013e99541af728a55aad4683) Importer(815301076,1909f56bfc062723c751e8b465ee728b)  -> (artifact id: '5a091446a8df0e7f15f07801fda0db3a') in 0.003977 seconds
  Import took 0.005868 seconds .

========================================================================
Received Prepare
Registering precompiled user dll's ...
Registered in 0.000845 seconds.
Begin MonoManager ReloadAssembly
Native extension for WindowsStandalone target not found
Refreshing native plugins compatible for Editor in 0.21 ms, found 0 plugins.
Preloading 0 native plugins for Editor in 0.00 ms.
Mono: successfully reloaded assembly
- Completed reload, in  0.974 seconds
Platform modules already initialized, skipping
Refreshing native plugins compatible for Editor in 0.20 ms, found 0 plugins.
Preloading 0 native plugins for Editor in 0.00 ms.
Unloading 1132 Unused Serialized files (Serialized files now loaded: 0)
System memory in use before: 57.6 MB.
System memory in use after: 57.7 MB.

Unloading 4 unused Assets to reduce memory usage. Loaded Objects now: 1662.
Total: 1.835700 ms (FindLiveObjects: 0.208700 ms CreateObjectMapping: 0.051300 ms MarkObjects: 1.556500 ms  DeleteObjects: 0.017700 ms)

========================================================================
Received Import Request.
  Time since last request: 745.738428 seconds.
  path: Assets/Code/Interfaces/PlayerInterfaces/IPlayerController.cs
  artifactKey: Guid(9d3c050dcef74bc42ad438f9bd21b541) Importer(815301076,1909f56bfc062723c751e8b465ee728b)
Start importing Assets/Code/Interfaces/PlayerInterfaces/IPlayerController.cs using Guid(9d3c050dcef74bc42ad438f9bd21b541) Importer(815301076,1909f56bfc062723c751e8b465ee728b)  -> (artifact id: '3b2689cea0c06ef4a2fba69ba353f39a') in 0.005584 seconds
  Import took 0.008296 seconds .

========================================================================
Received Prepare
Registering precompiled user dll's ...
Registered in 0.000611 seconds.
Begin MonoManager ReloadAssembly
Native extension for WindowsStandalone target not found
Refreshing native plugins compatible for Editor in 0.21 ms, found 0 plugins.
Preloading 0 native plugins for Editor in 0.00 ms.
Mono: successfully reloaded assembly
- Completed reload, in  0.887 seconds
Platform modules already initialized, skipping
Refreshing native plugins compatible for Editor in 0.20 ms, found 0 plugins.
Preloading 0 native plugins for Editor in 0.00 ms.
Unloading 1132 Unused Serialized files (Serialized files now loaded: 0)
System memory in use before: 57.6 MB.
System memory in use after: 57.7 MB.

Unloading 4 unused Assets to reduce memory usage. Loaded Objects now: 1665.
Total: 2.155200 ms (FindLiveObjects: 0.245200 ms CreateObjectMapping: 0.045700 ms MarkObjects: 1.843100 ms  DeleteObjects: 0.019700 ms)

========================================================================
Received Import Request.
  Time since last request: 56.121560 seconds.
  path: Assets/Code/Interfaces/CameraInterfaces/ICameraController.cs
  artifactKey: Guid(1534f148d1505c045a274c258d289734) Importer(815301076,1909f56bfc062723c751e8b465ee728b)
Start importing Assets/Code/Interfaces/CameraInterfaces/ICameraController.cs using Guid(1534f148d1505c045a274c258d289734) Importer(815301076,1909f56bfc062723c751e8b465ee728b)  -> (artifact id: '89117710f0320a61cdbdadc4a5e69c0b') in 0.003869 seconds
  Import took 0.033980 seconds .

========================================================================
Received Import Request.
  Time since last request: 37.955904 seconds.
  path: Assets/Code/Camera/CameraModel.cs
  artifactKey: Guid(f2ed6873371b51343857cbc6afa60e62) Importer(815301076,1909f56bfc062723c751e8b465ee728b)
Start importing Assets/Code/Camera/CameraModel.cs using Guid(f2ed6873371b51343857cbc6afa60e62) Importer(815301076,1909f56bfc062723c751e8b465ee728b)  -> (artifact id: '3736bc5e8cc49b9153ce22118838d01e') in 0.011920 seconds
  Import took 0.015745 seconds .

========================================================================
Received Prepare
Registering precompiled user dll's ...
Registered in 0.000586 seconds.
Begin MonoManager ReloadAssembly
Native extension for WindowsStandalone target not found
Refreshing native plugins compatible for Editor in 0.24 ms, found 0 plugins.
Preloading 0 native plugins for Editor in 0.00 ms.
Mono: successfully reloaded assembly
- Completed reload, in  1.298 seconds
Platform modules already initialized, skipping
Refreshing native plugins compatible for Editor in 0.21 ms, found 0 plugins.
Preloading 0 native plugins for Editor in 0.00 ms.
Unloading 1133 Unused Serialized files (Serialized files now loaded: 0)
System memory in use before: 57.6 MB.
System memory in use after: 57.7 MB.

Unloading 4 unused Assets to reduce memory usage. Loaded Objects now: 1669.
Total: 1.658700 ms (FindLiveObjects: 0.184800 ms CreateObjectMapping: 0.054900 ms MarkObjects: 1.398700 ms  DeleteObjects: 0.019200 ms)

========================================================================
Received Prepare
Registering precompiled user dll's ...
Registered in 0.000629 seconds.
Begin MonoManager ReloadAssembly
Native extension for WindowsStandalone target not found
Refreshing native plugins compatible for Editor in 0.21 ms, found 0 plugins.
Preloading 0 native plugins for Editor in 0.00 ms.
Mono: successfully reloaded assembly
- Completed reload, in  0.980 seconds
Platform modules already initialized, skipping
Refreshing native plugins compatible for Editor in 0.21 ms, found 0 plugins.
Preloading 0 native plugins for Editor in 0.00 ms.
Unloading 1133 Unused Serialized files (Serialized files now loaded: 0)
System memory in use before: 57.6 MB.
System memory in use after: 57.7 MB.

Unloading 4 unused Assets to reduce memory usage. Loaded Objects now: 1672.
Total: 2.003400 ms (FindLiveObjects: 0.167900 ms CreateObjectMapping: 0.050200 ms MarkObjects: 1.765800 ms  DeleteObjects: 0.017600 ms)

========================================================================
Received Import Request.
  Time since last request: 126.365121 seconds.
  path: Assets/Code/Camera/CameraModel.cs
  artifactKey: Guid(f2ed6873371b51343857cbc6afa60e62) Importer(815301076,1909f56bfc062723c751e8b465ee728b)
Start importing Assets/Code/Camera/CameraModel.cs using Guid(f2ed6873371b51343857cbc6afa60e62) Importer(815301076,1909f56bfc062723c751e8b465ee728b)  -> (artifact id: '54ecd86bac12534da72cc856d13a90a9') in 0.004627 seconds
  Import took 0.035463 seconds .

========================================================================
Received Import Request.
  Time since last request: 10.018415 seconds.
  path: Assets/Code/Camera/CameraController.cs
  artifactKey: Guid(05b3a22d9a8e0b44da2e4caedeea336c) Importer(815301076,1909f56bfc062723c751e8b465ee728b)
Start importing Assets/Code/Camera/CameraController.cs using Guid(05b3a22d9a8e0b44da2e4caedeea336c) Importer(815301076,1909f56bfc062723c751e8b465ee728b)  -> (artifact id: '463da8522e590f8a879356f10cae0261') in 0.013674 seconds
  Import took 0.017771 seconds .

========================================================================
Received Prepare
Registering precompiled user dll's ...
Registered in 0.000819 seconds.
Begin MonoManager ReloadAssembly
Native extension for WindowsStandalone target not found
Refreshing native plugins compatible for Editor in 0.24 ms, found 0 plugins.
Preloading 0 native plugins for Editor in 0.00 ms.
Mono: successfully reloaded assembly
- Completed reload, in  1.141 seconds
Platform modules already initialized, skipping
Refreshing native plugins compatible for Editor in 0.20 ms, found 0 plugins.
Preloading 0 native plugins for Editor in 0.00 ms.
Unloading 1134 Unused Serialized files (Serialized files now loaded: 0)
System memory in use before: 57.7 MB.
System memory in use after: 57.8 MB.

Unloading 4 unused Assets to reduce memory usage. Loaded Objects now: 1676.
Total: 1.707600 ms (FindLiveObjects: 0.200200 ms CreateObjectMapping: 0.049000 ms MarkObjects: 1.439800 ms  DeleteObjects: 0.017100 ms)

========================================================================
Received Import Request.
  Time since last request: 136.015494 seconds.
  path: Assets/Code/Camera/CameraView.cs
  artifactKey: Guid(193b5716a412f5d4295d5f552809e799) Importer(815301076,1909f56bfc062723c751e8b465ee728b)
Start importing Assets/Code/Camera/CameraView.cs using Guid(193b5716a412f5d4295d5f552809e799) Importer(815301076,1909f56bfc062723c751e8b465ee728b)  -> (artifact id: 'cd8500840ea33b8d113e64d128c0b280') in 0.020303 seconds
  Import took 0.024874 seconds .

========================================================================
Received Prepare
Registering precompiled user dll's ...
Registered in 0.001224 seconds.
Begin MonoManager ReloadAssembly
Native extension for WindowsStandalone target not found
Refreshing native plugins compatible for Editor in 0.26 ms, found 0 plugins.
Preloading 0 native plugins for Editor in 0.00 ms.
Mono: successfully reloaded assembly
- Completed reload, in  1.060 seconds
Platform modules already initialized, skipping
Refreshing native plugins compatible for Editor in 0.20 ms, found 0 plugins.
Preloading 0 native plugins for Editor in 0.00 ms.
Unloading 1135 Unused Serialized files (Serialized files now loaded: 0)
System memory in use before: 57.7 MB.
System memory in use after: 57.8 MB.

Unloading 4 unused Assets to reduce memory usage. Loaded Objects now: 1680.
Total: 1.751200 ms (FindLiveObjects: 0.192500 ms CreateObjectMapping: 0.053000 ms MarkObjects: 1.482300 ms  DeleteObjects: 0.021700 ms)

========================================================================
Received Import Request.
  Time since last request: 91.556957 seconds.
  path: Assets/Code/Camera/CameraView.cs
  artifactKey: Guid(193b5716a412f5d4295d5f552809e799) Importer(815301076,1909f56bfc062723c751e8b465ee728b)
Start importing Assets/Code/Camera/CameraView.cs using Guid(193b5716a412f5d4295d5f552809e799) Importer(815301076,1909f56bfc062723c751e8b465ee728b)  -> (artifact id: '8138d900901ec25e7b78574bf98a4531') in 0.007691 seconds
  Import took 0.012953 seconds .

========================================================================
Received Import Request.
  Time since last request: 4.611389 seconds.
  path: Assets/Code/Player/PlayerView.cs
  artifactKey: Guid(6e302c860bcd7a546a90b92e3f457be9) Importer(815301076,1909f56bfc062723c751e8b465ee728b)
Start importing Assets/Code/Player/PlayerView.cs using Guid(6e302c860bcd7a546a90b92e3f457be9) Importer(815301076,1909f56bfc062723c751e8b465ee728b)  -> (artifact id: '27b861a5e0bd046d940c5f54b61abcf7') in 0.002713 seconds
  Import took 0.005285 seconds .

========================================================================
Received Import Request.
  Time since last request: 0.001232 seconds.
  path: Assets/Code/Player/PlayerView.cs
  artifactKey: Guid(6e302c860bcd7a546a90b92e3f457be9) Importer(815301076,1909f56bfc062723c751e8b465ee728b)
Start importing Assets/Code/Player/PlayerView.cs using Guid(6e302c860bcd7a546a90b92e3f457be9) Importer(815301076,1909f56bfc062723c751e8b465ee728b)  -> (artifact id: '27b861a5e0bd046d940c5f54b61abcf7') in 0.003250 seconds
  Import took 0.005833 seconds .

========================================================================
Received Prepare
Registering precompiled user dll's ...
Registered in 0.000599 seconds.
Begin MonoManager ReloadAssembly
Native extension for WindowsStandalone target not found
Refreshing native plugins compatible for Editor in 0.21 ms, found 0 plugins.
Preloading 0 native plugins for Editor in 0.00 ms.
Mono: successfully reloaded assembly
- Completed reload, in  0.893 seconds
Platform modules already initialized, skipping
Refreshing native plugins compatible for Editor in 0.20 ms, found 0 plugins.
Preloading 0 native plugins for Editor in 0.00 ms.
Unloading 1135 Unused Serialized files (Serialized files now loaded: 0)
System memory in use before: 57.7 MB.
System memory in use after: 57.8 MB.

Unloading 4 unused Assets to reduce memory usage. Loaded Objects now: 1683.
Total: 1.982300 ms (FindLiveObjects: 0.236300 ms CreateObjectMapping: 0.050900 ms MarkObjects: 1.677600 ms  DeleteObjects: 0.016000 ms)

========================================================================
Received Prepare
Registering precompiled user dll's ...
Registered in 0.000623 seconds.
Begin MonoManager ReloadAssembly
Native extension for WindowsStandalone target not found
Refreshing native plugins compatible for Editor in 0.21 ms, found 0 plugins.
Preloading 0 native plugins for Editor in 0.00 ms.
Mono: successfully reloaded assembly
- Completed reload, in  0.934 seconds
Platform modules already initialized, skipping
Refreshing native plugins compatible for Editor in 0.20 ms, found 0 plugins.
Preloading 0 native plugins for Editor in 0.00 ms.
Unloading 1135 Unused Serialized files (Serialized files now loaded: 0)
System memory in use before: 57.7 MB.
System memory in use after: 57.8 MB.

Unloading 4 unused Assets to reduce memory usage. Loaded Objects now: 1686.
Total: 1.722900 ms (FindLiveObjects: 0.222700 ms CreateObjectMapping: 0.064700 ms MarkObjects: 1.418600 ms  DeleteObjects: 0.015300 ms)

========================================================================
Received Import Request.
  Time since last request: 1566.656960 seconds.
  path: Assets/Code/Interfaces/CameraInterfaces/ICameraController.cs
  artifactKey: Guid(1534f148d1505c045a274c258d289734) Importer(815301076,1909f56bfc062723c751e8b465ee728b)
Start importing Assets/Code/Interfaces/CameraInterfaces/ICameraController.cs using Guid(1534f148d1505c045a274c258d289734) Importer(815301076,1909f56bfc062723c751e8b465ee728b)  -> (artifact id: 'e285d90efb0d287c1079e7a079235496') in 0.003578 seconds
  Import took 0.023786 seconds .

AssetImportWorkerClient::OnTransportError - code=2 error=End of file
